{"level":"info","message":"[POST] /signup ","timestamp":"2023-07-11T20:42:31.542Z"}
{"level":"info","message":"[POST] /signup ","timestamp":"2023-07-11T20:42:39.385Z"}
{"level":"info","message":"[POST] /signup ","timestamp":"2023-07-11T20:43:01.829Z"}
{"level":"info","message":"[POST] /signup ","timestamp":"2023-07-11T20:43:14.693Z"}
{"level":"info","message":"[POST] /login ","timestamp":"2023-07-11T20:43:53.642Z"}
{"level":"info","message":"[POST] /book ","timestamp":"2023-07-11T20:45:25.366Z"}
{"level":"info","message":"[POST] /book ","timestamp":"2023-07-11T20:49:27.926Z"}
{"level":"info","message":"[POST] /book ","timestamp":"2023-07-11T20:51:56.223Z"}
{"level":"info","message":"[POST] /book ","timestamp":"2023-07-11T20:53:32.263Z"}
{"level":"info","message":"[POST] /book ","timestamp":"2023-07-11T20:55:11.424Z"}
{"level":"info","message":"[POST] /book ","timestamp":"2023-07-11T20:56:16.595Z"}
{"level":"info","message":"[POST] /signup ","timestamp":"2023-07-11T20:57:28.603Z"}
{"level":"info","message":"[POST] /login ","timestamp":"2023-07-11T20:57:52.532Z"}
{"level":"info","message":"[POST] /login ","timestamp":"2023-07-11T20:59:40.490Z"}
{"level":"info","message":"[POST] /book ","timestamp":"2023-07-11T21:00:07.908Z"}
{"level":"info","message":"[POST] /book ","timestamp":"2023-07-11T21:01:03.292Z"}
{"level":"info","message":"[POST] /signup ","timestamp":"2023-07-11T21:01:32.838Z"}
{"level":"info","message":"[POST] /signup ","timestamp":"2023-07-11T21:01:54.332Z"}
{"level":"info","message":"[POST] /book ","timestamp":"2023-07-11T21:03:17.655Z"}
{"level":"info","message":"[POST] /book ","timestamp":"2023-07-11T21:05:35.491Z"}
{"level":"info","message":"[POST] /book ","timestamp":"2023-07-11T21:06:10.574Z"}
{"level":"info","message":"[POST] /login ","timestamp":"2023-07-11T21:06:18.560Z"}
{"level":"info","message":"[POST] /book ","timestamp":"2023-07-11T21:07:10.420Z"}
{"level":"info","message":"[POST] /book ","timestamp":"2023-07-11T21:07:51.970Z"}
{"level":"info","message":"[POST] /book ","timestamp":"2023-07-11T21:08:45.155Z"}
{"level":"info","message":"[POST] /book ","timestamp":"2023-07-11T21:09:37.237Z"}
{"level":"info","message":"[GET] /books ","timestamp":"2023-07-11T21:10:25.649Z"}
{"level":"info","message":"[GET] /books?old=1 ","timestamp":"2023-07-11T21:10:40.440Z"}
{"level":"info","message":"[GET] /books?new=1 ","timestamp":"2023-07-11T21:10:47.075Z"}
{"level":"info","message":"[DELETE] /book?creatorId=64adc4a7fda933cbc0e62ff8 ","timestamp":"2023-07-11T21:12:10.878Z"}
{"level":"info","message":"[PUT] /book?creatorId=64adc4ddfda933cbc0e62ffa ","timestamp":"2023-07-11T21:13:35.474Z"}
{"level":"info","message":"[POST] /book ","timestamp":"2023-07-11T21:14:23.994Z"}
{"level":"info","message":"[GET] /books?new=1 ","timestamp":"2023-07-11T21:15:31.829Z"}
{"level":"info","message":"[GET] /books?old=1 ","timestamp":"2023-07-11T21:15:44.709Z"}
{"level":"info","message":"[POST] /login ","timestamp":"2023-07-11T21:16:02.020Z"}
{"level":"info","message":"[GET] /books?old=1 ","timestamp":"2023-07-11T21:16:16.101Z"}
